Gente que entrou: 2429 size: 16
Sem_1 -> 0.0560062 -> Sem_1
Sem_1 -> 0.887988 -> Sem_2
Sem_2 -> 0.120604 -> Sem_2
Sem_2 -> 0.758792 -> Sem_3
Sem_3 -> 0.188144 -> Sem_3
Sem_3 -> 0.623711 -> Sem_4
Sem_4 -> 0.221715 -> Sem_4
Sem_4 -> 0.55657 -> Sem_5
Sem_5 -> 0.269968 -> Sem_5
Sem_5 -> 0.460064 -> Sem_6
Sem_6 -> 0.296902 -> Sem_6
Sem_6 -> 0.406196 -> Sem_7
Sem_7 -> 0.323415 -> Sem_7
Sem_7 -> 0.35317 -> Sem_8
Sem_8 -> 0.342373 -> Sem_8
Sem_8 -> 0.315254 -> Diploma
size of mat: 9
mat: 

0.056006 0.887988 0.000000 0.000000 0.000000 0.000000 0.000000 0.000000 0.000000 
0.000000 0.120604 0.758792 0.000000 0.000000 0.000000 0.000000 0.000000 0.000000 
0.000000 0.000000 0.188144 0.623711 0.000000 0.000000 0.000000 0.000000 0.000000 
0.000000 0.000000 0.000000 0.221715 0.556570 0.000000 0.000000 0.000000 0.000000 
0.000000 0.000000 0.000000 0.000000 0.269968 0.460064 0.000000 0.000000 0.000000 
0.000000 0.000000 0.000000 0.000000 0.000000 0.296902 0.406196 0.000000 0.000000 
0.000000 0.000000 0.000000 0.000000 0.000000 0.000000 0.323415 0.353170 0.000000 
0.000000 0.000000 0.000000 0.000000 0.000000 0.000000 0.000000 0.342373 0.315254 
0.000000 0.000000 0.000000 0.000000 0.000000 0.000000 0.000000 0.000000 1.000000 
prob size: 16
mat line size: 9
mat row size: 9

done!
